2024-07-07 20:38:43,942 - INFO - Loaded existing graph from graph_state.json
2024-07-07 20:38:43,943 - INFO - Using start node: Once upon a time, in a faraway kingdom, there lived a young princess named Lily who had a special gi... with score: 0.9
2024-07-07 20:38:43,943 - INFO - Starting the story generation process
2024-07-07 20:38:43,943 - INFO - Starting with node ID: 0a5e40be-ad9f-4283-b9e4-17faac86f7df
2024-07-07 20:38:43,943 - INFO - Starting search from node: Once upon a time, in a faraway...
2024-07-07 20:38:43,944 - INFO - Sending request with prompt: Based on the following evaluation and improvement strategy for a given AI agent, generate a specific...
2024-07-07 20:38:45,172 - INFO - Received response: Incorporate more vivid descriptions of the forest setting, the characters' emotions, and the interac...
2024-07-07 20:38:45,173 - INFO - Sending request with prompt: Based on the following evaluation and improvement strategy for a given AI agent, generate a specific...
2024-07-07 20:38:46,329 - INFO - Received response: Incorporate more vivid descriptions of the forest setting, the characters' emotions, and their inter...
2024-07-07 20:38:46,329 - INFO - Sending request with prompt: Based on the following evaluation and improvement strategy for a given AI agent, generate a specific...
2024-07-07 20:38:48,042 - INFO - Received response: Incorporate more sensory details to vividly describe the forest setting, such as the sounds of rustl...
2024-07-07 20:38:48,042 - INFO - Sending request with prompt: Based on the following evaluation and improvement strategy for a given AI agent, generate a specific...
2024-07-07 20:38:49,580 - INFO - Received response: Incorporate vivid descriptions of the forest setting, highlighting its enchanting beauty and mysteri...
2024-07-07 20:38:49,580 - INFO - Sending request with prompt: Based on the following evaluation and improvement strategy for a given AI agent, generate a specific...
2024-07-07 20:38:50,574 - INFO - Received response: Incorporate more vivid descriptions of the forest setting to enhance the atmosphere and immerse the ...
2024-07-07 20:38:50,574 - INFO - Generated 5 mutation prompts
2024-07-07 20:38:50,576 - INFO - Mutating with agent node ID: 0a5e40be-ad9f-4283-b9e4-17faac86f7df, mutation prompt: Incorporate more vivid descriptions of the forest setting, the characters' emotions, and the interactions between Lily, the wolf, and the other animals to deepen the emotional journey and emphasize the transformative nature of empathy in the story.
2024-07-07 20:38:50,578 - INFO - Sending request with prompt: Given the task: 'Create a captivating fairy tale with a moral lesson.', and the current agent prompt...
2024-07-07 20:38:52,819 - INFO - Received response: Agent Prompt: In a lush, enchanted forest filled with vibrant flowers and towering trees, a young pr...
2024-07-07 20:38:52,819 - INFO - Mutating with agent node ID: 0a5e40be-ad9f-4283-b9e4-17faac86f7df, mutation prompt: Incorporate more vivid descriptions of the forest setting, the characters' emotions, and their interactions to enhance the storytelling experience. Focus on detailing the transformative journey of empathy for Lily, the wolf, and the other animals, emphasizing the power of understanding and kindness in resolving conflicts.
2024-07-07 20:38:52,819 - INFO - Sending request with prompt: Given the task: 'Create a captivating fairy tale with a moral lesson.', and the current agent prompt...
2024-07-07 20:38:55,137 - INFO - Received response: New Agent Prompt:
In a land of shimmering emerald forests and sparkling rivers, there lived a young ...
2024-07-07 20:38:55,137 - INFO - Mutating with agent node ID: 0a5e40be-ad9f-4283-b9e4-17faac86f7df, mutation prompt: Incorporate more sensory details to vividly describe the forest setting, such as the sounds of rustling leaves, the scent of pine trees, and the feel of soft moss underfoot. Enhance the emotional journey of Lily and the wolf by delving deeper into their thoughts and feelings during key interactions, highlighting the transformative power of empathy. Consider adding a subplot or additional characters to further enrich the story and reinforce the moral lesson.
2024-07-07 20:38:55,138 - INFO - Sending request with prompt: Given the task: 'Create a captivating fairy tale with a moral lesson.', and the current agent prompt...
