2024-07-07 20:38:19,176 - INFO - Loaded existing graph from graph_state.json
2024-07-07 20:38:19,177 - INFO - Using start node: Once upon a time, in a faraway kingdom, there lived a young princess named Lily who had a special gi... with score: 0.9
2024-07-07 20:38:19,177 - INFO - Starting the story generation process
2024-07-07 20:38:19,177 - INFO - Starting with node ID: 0a5e40be-ad9f-4283-b9e4-17faac86f7df
2024-07-07 20:38:19,177 - INFO - Starting search from node: Once upon a time, in a faraway...
2024-07-07 20:38:19,177 - INFO - Sending request with prompt: Based on the following evaluation and improvement strategy for a given AI agent, generate a specific...
2024-07-07 20:38:20,390 - INFO - Received response: Incorporate more detailed descriptions of the forest setting, highlighting its magical and mysteriou...
2024-07-07 20:38:20,390 - INFO - Sending request with prompt: Based on the following evaluation and improvement strategy for a given AI agent, generate a specific...
2024-07-07 20:38:21,350 - INFO - Received response: Incorporate sensory details to vividly describe the sights, sounds, and smells of the enchanted fore...
2024-07-07 20:38:21,350 - INFO - Sending request with prompt: Based on the following evaluation and improvement strategy for a given AI agent, generate a specific...
2024-07-07 20:38:22,219 - INFO - Received response: Incorporate more vivid descriptions of the forest setting to enhance the atmosphere and immerse the ...
2024-07-07 20:38:22,219 - INFO - Sending request with prompt: Based on the following evaluation and improvement strategy for a given AI agent, generate a specific...
2024-07-07 20:38:23,889 - INFO - Received response: Incorporate more vivid descriptions of the forest setting to create a more immersive atmosphere for ...
2024-07-07 20:38:23,891 - INFO - Sending request with prompt: Based on the following evaluation and improvement strategy for a given AI agent, generate a specific...
2024-07-07 20:38:25,090 - INFO - Received response: Incorporate more vivid descriptions of the forest setting to create a more immersive experience for ...
2024-07-07 20:38:25,090 - INFO - Generated 5 mutation prompts
2024-07-07 20:38:25,091 - INFO - Mutating with agent node ID: 0a5e40be-ad9f-4283-b9e4-17faac86f7df, mutation prompt: Incorporate more detailed descriptions of the forest setting, highlighting its magical and mysterious elements to enhance the atmosphere of the story. Additionally, delve deeper into the emotional journey of Lily and the wolf, emphasizing their growth and transformation through acts of empathy and understanding. Consider adding more interactions between the characters to further develop their relationships and the moral lesson of the tale.
2024-07-07 20:38:25,091 - INFO - Sending request with prompt: Given the task: 'Create a captivating fairy tale with a moral lesson.', and the current agent prompt...
2024-07-07 20:38:31,124 - INFO - Received response: Agent Prompt: In the mystical land of Everwood, where ancient trees whispered secrets and shimmering...
2024-07-07 20:38:31,125 - INFO - Mutating with agent node ID: 0a5e40be-ad9f-4283-b9e4-17faac86f7df, mutation prompt: Incorporate sensory details to vividly describe the sights, sounds, and smells of the enchanted forest where Lily and the wolf embark on their journey. Use descriptive language to bring the setting to life and immerse the reader in the magical world of the story.
2024-07-07 20:38:31,125 - INFO - Sending request with prompt: Given the task: 'Create a captivating fairy tale with a moral lesson.', and the current agent prompt...
